Category:  Starting new Game:
Category:  Player name: player1
Category:  Game started: 2026-02-10 23:04:01.828892
Category:  Level 1
Category:  ~~~~~~~~~~~~~~~~~~~~~~~~~~~~~~~~~~~~~~~~~
Category: move Placed 2 in space (3,0).
Category: move Placed 3 in space (4,1).
Category: move Placed 4 in space (4,2).
Category: move Placed 5 in space (3,1).
Category: move Placed 6 in space (2,0).
Category: move Placed 7 in space (1,0).
Category: move Placed 8 in space (2,1).
Category: move Placed 9 in space (3,2).
Category: move Placed 10 in space (4,3).
Category: move Placed 11 in space (4,4).
Category: move Placed 12 in space (3,3).
Category: move Placed 13 in space (2,2).
Category: move Placed 14 in space (1,1).
Category: move Placed 15 in space (0,0).
Category: move Placed 16 in space (0,1).
Category: move Placed 17 in space (1,2).
Category: move Placed 18 in space (2,3).
Category: move Placed 19 in space (3,4).
Category: move Placed 20 in space (2,4).
Category: move Placed 21 in space (1,3).
Category: move Placed 22 in space (0,2).
Category: move Placed 23 in space (0,3).
Category: move Placed 24 in space (1,4).
Category: move Placed 25 in space (0,4).
Category: level up leveled up from level 1 to level 2
