[] Starting new Game:
[] Player name: batman
[] Game started: 2026-02-09 04:45:29.968275
[] Level 1
[] ~~~~~~~~~~~~~~~~~~~~~~~~~~~~~~~~~~~~~~~~~
[move] Placed 2 in space (0,0).
[move] Placed 3 in space (0,1).
[move] Placed 4 in space (1,2).
[move] Placed 5 in space (0,3).
[move] Placed 6 in space (0,4).
[move] Placed 7 in space (1,4).
[move] Placed 8 in space (2,3).
[move] Placed 9 in space (3,4).
[move] Placed 10 in space (4,4).
[move] Placed 11 in space (4,3).
[move] Placed 12 in space (3,3).
[undo] Removed 12 from (3,3)
[undo] Removed 11 from (4,3)
[undo] Removed 10 from (4,4)
[move] Placed 10 in space (3,3).
[move] Placed 11 in space (4,3).
[move] Placed 12 in space (4,4).
[Save] Game saved at 2026-02-09 04:45:49.230190
